07:11:59.281 [Worker-63] INFO  o.a.AndroidAnnotationProcessor:85 - Initialize AndroidAnnotations 3.0.1 with options {phase=BUILD}
07:11:59.283 [Worker-63] INFO  o.a.AndroidAnnotationProcessor:109 - Start processing for 25 annotations on 28 elements
07:11:59.306 [Worker-63] DEBUG o.a.h.AndroidManifestFinder:137 - AndroidManifest.xml file found in parent folder /home/criss/git/Todo-App/2Do: /home/criss/git/Todo-App/2Do/AndroidManifest.xml
07:11:59.307 [Worker-63] INFO  o.a.AndroidAnnotationProcessor:172 - AndroidManifest.xml found: AndroidManifest [applicationPackage=hu.todo, componentQualifiedNames=[hu.todo.activity.MainActivity_, hu.todo.activity.ShowTaskActivity_, hu.todo.activity.AddTaskActivity_], permissionQualifiedNames=[android.permission.ACCESS_NETWORK_STATE, android.permission.WRITE_EXTERNAL_STORAGE, android.permission.INTERNET], applicationClassName=null, libraryProject=false, debugabble=false, minSdkVersion=14, maxSdkVersion=-1, targetSdkVersion=19]
07:11:59.308 [Worker-63] INFO  o.a.r.ProjectRClassFinder:50 - Found project R class: hu.todo.R
07:11:59.313 [Worker-63] INFO  o.a.r.AndroidRClassFinder:44 - Found Android class: android.R
07:11:59.318 [Worker-63] INFO  o.a.p.ModelValidator:42 - Validating elements
07:11:59.319 [Worker-63] DEBUG o.a.p.ModelValidator:62 - Validating with EActivityHandler: [hu.todo.activity.AddTaskActivity, hu.todo.activity.MainActivity, hu.todo.activity.ShowTaskActivity]
07:11:59.320 [Worker-63] DEBUG o.a.p.ModelValidator:62 - Validating with EFragmentHandler: [hu.todo.fragment.AllFragment, hu.todo.fragment.GroupedByUserFragment]
07:11:59.321 [Worker-63] DEBUG o.a.p.ModelValidator:62 - Validating with EBeanHandler: [hu.todo.rest.MyErrorHandler, hu.todo.adapter.TodoAdapter, hu.todo.fragment.AllFragment.LoginDialogFragment, hu.todo.adapter.TitleNavigationAdapter]
07:11:59.322 [Worker-63] DEBUG o.a.p.ModelValidator:62 - Validating with EViewGroupHandler: [hu.todo.layout.NavListItemView, hu.todo.layout.TodoItemView, hu.todo.layout.NavTitleItemView]
07:11:59.323 [Worker-63] DEBUG o.a.p.ModelValidator:62 - Validating with SharedPrefHandler: [hu.todo.sharedprefs.MyPrefs]
07:11:59.324 [Worker-63] DEBUG o.a.p.ModelValidator:62 - Validating with PrefHandler: [myPref]
07:11:59.325 [Worker-63] DEBUG o.a.p.ModelValidator:62 - Validating with ViewByIdHandler: [title, txtDate2ndRow, btnCreate, date, todoImage, createdPicker, title, user, password, updatedPicker, created, description, createdPicker, txtDate1stRow, txtContent1stRow, txtContent2ndRow, date, updated, updatedPicker, user, titleView, timePicker, datePicker, datePicker, timePicker, description, created, viewPager, txtListSize, updated, txtListTitle, email]
07:11:59.329 [Worker-63] DEBUG o.a.p.ModelValidator:62 - Validating with ClickHandler: [void showTimePicker() , void showDatePicker() , void showDatePicker() , void showTimePicker() , void clickCreate() ]
07:11:59.330 [Worker-63] DEBUG o.a.p.ModelValidator:62 - Validating with ItemClickHandler: [public void myListItemClicked(hu.todo.entity.Task) , public void myListItemClicked(hu.todo.entity.Task) ]
07:11:59.331 [Worker-63] DEBUG o.a.p.ModelValidator:62 - Validating with TransactionalHandler: [void putsome(android.database.sqlite.SQLiteDatabase) , void deleteLocal(android.database.sqlite.SQLiteDatabase, int) , void insertTask(android.database.sqlite.SQLiteDatabase) , void putsome(android.database.sqlite.SQLiteDatabase) , void getLocalTasks(android.database.sqlite.SQLiteDatabase) , void getLocalTasks(android.database.sqlite.SQLiteDatabase) ]
07:11:59.332 [Worker-63] DEBUG o.a.p.ModelValidator:62 - Validating with ExtraHandler: [task]
07:11:59.332 [Worker-63] DEBUG o.a.p.ModelValidator:62 - Validating with RestHandler: [hu.todo.rest.RestInterface]
07:11:59.335 [Worker-63] DEBUG o.a.p.ModelValidator:62 - Validating with GetHandler: [public abstract List<hu.todo.entity.Task> getAllTask(java.lang.String) , public abstract List<hu.todo.entity.User> getAllUser(java.lang.String) ]
07:11:59.336 [Worker-63] DEBUG o.a.p.ModelValidator:62 - Validating with PostHandler: [public abstract hu.todo.entity.User login(java.lang.String, java.lang.String) , public abstract hu.todo.entity.Task addTask(MultiValueMap<java.lang.String,java.lang.String>, java.lang.String) , public abstract hu.todo.entity.Task updateTask(MultiValueMap<java.lang.String,java.lang.String>, int, java.lang.String) ]
07:11:59.337 [Worker-63] DEBUG o.a.p.ModelValidator:62 - Validating with OptionsMenuHandler: [hu.todo.activity.MainActivity, hu.todo.activity.ShowTaskActivity]
07:11:59.338 [Worker-63] DEBUG o.a.p.ModelValidator:62 - Validating with OptionsMenuItemHandler: [refreshMenuItem, saveMenuItem, editMenuItem]
07:11:59.339 [Worker-63] DEBUG o.a.p.ModelValidator:62 - Validating with OptionsItemHandler: [void menuAddTask(android.view.MenuItem) , void menuRefresh(android.view.MenuItem) , void editTask() , void navigateBackOnHomePress() , void saveTask() , void navigateBackOnHomePress() ]
07:11:59.341 [Worker-63] DEBUG o.a.p.ModelValidator:62 - Validating with RestServiceHandler: [taskManager, taskManager, taskManager, taskManager, taskManager]
07:11:59.342 [Worker-63] DEBUG o.a.p.ModelValidator:62 - Validating with RootContextHanlder: [context, context]
07:11:59.342 [Worker-63] DEBUG o.a.p.ModelValidator:62 - Validating with BeanHandler: [adapter, myErrorHandler, myErrorHandler, myErrorHandler, myErrorHandler, myErrorHandler, adapter, adapter]
07:11:59.343 [Worker-63] DEBUG o.a.p.ModelValidator:62 - Validating with AfterTextChangeHandler: [void updatedPChanged() , void timePChanged() , void timePChanged() , void createdPChanged() , void datePChanged() , void updatedTChanged() , void descChanged() , void updatedPChanged() , void descChanged() , void createdPChanged() , void datePChanged() ]
07:11:59.345 [Worker-63] DEBUG o.a.p.ModelValidator:62 - Validating with InstanceStateHandler: [updatedP, dateP, desc, desc, dateT, createdP, dateP, dateT, isEdit, createdP, t, updatedP]
07:11:59.346 [Worker-63] DEBUG o.a.p.ModelValidator:62 - Validating with AfterViewsHandler: [void afterViews() , void init() , void binddAdapter() , void afterViews() , void setViews() , void binddAdapter() ]
07:11:59.346 [Worker-63] DEBUG o.a.p.ModelValidator:62 - Validating with UiThreadHandler: [void onPreExecute() , void showResult(List<hu.todo.entity.Task>) , void showDialog() , void showDialog() , void showResult(List<hu.todo.entity.Task>) , void showDialog() , void showDialog() , void showDialog() , void dismissDialog() , void dismissDialog() , void dismissDialog() , void dismissDialog() , void onPostExecute() , void setAuCompleteUser() , void setAuCompleteUser() , void dismissDialog() ]
07:11:59.347 [Worker-63] DEBUG o.a.p.ModelValidator:62 - Validating with BackgroundHandler: [void getUsers(java.lang.String) , void login() , void addTask(MultiValueMap<java.lang.String,java.lang.String>, java.lang.String) , void getUsers(java.lang.String) , void getItemsInBackground() , void getItemsInBackground() , void addTask(MultiValueMap<java.lang.String,java.lang.String>, java.lang.String) , void updateTask(MultiValueMap<java.lang.String,java.lang.String>, java.lang.String) , void refresh() ]
07:11:59.348 [Worker-63] INFO  o.a.p.ModelProcessor:73 - Processing root elements
07:11:59.349 [Worker-63] DEBUG o.a.p.ModelProcessor:80 - Processing root elements EActivityHandler: [hu.todo.activity.AddTaskActivity, hu.todo.activity.MainActivity, hu.todo.activity.ShowTaskActivity]
07:11:59.353 [Worker-63] DEBUG o.a.p.ModelProcessor:80 - Processing root elements EFragmentHandler: [hu.todo.fragment.AllFragment, hu.todo.fragment.GroupedByUserFragment]
07:11:59.354 [Worker-63] DEBUG o.a.p.ModelProcessor:80 - Processing root elements EBeanHandler: [hu.todo.adapter.TodoAdapter, hu.todo.rest.MyErrorHandler, hu.todo.adapter.TitleNavigationAdapter, hu.todo.fragment.AllFragment.LoginDialogFragment]
07:11:59.355 [Worker-63] DEBUG o.a.p.ModelProcessor:80 - Processing root elements EViewGroupHandler: [hu.todo.layout.NavListItemView, hu.todo.layout.TodoItemView, hu.todo.layout.NavTitleItemView]
07:11:59.356 [Worker-63] DEBUG o.a.p.ModelProcessor:80 - Processing root elements SharedPrefHandler: [hu.todo.sharedprefs.MyPrefs]
07:11:59.357 [Worker-63] DEBUG o.a.p.ModelProcessor:80 - Processing root elements RestHandler: [hu.todo.rest.RestInterface]
07:11:59.358 [Worker-63] INFO  o.a.p.ModelProcessor:104 - Processing enclosed elements
07:11:59.371 [Worker-63] INFO  o.a.AndroidAnnotationProcessor:251 - Number of files generated by AndroidAnnotations: 16
07:11:59.372 [Worker-63] INFO  o.a.g.ApiCodeGenerator:52 - Writting following API classes in project: []
07:11:59.372 [Worker-63] DEBUG o.a.g.SourceCodewriter:55 - Generating class: hu.todo.sharedprefs.MyPrefs_
07:11:59.375 [Worker-63] DEBUG o.a.g.SourceCodewriter:55 - Generating class: hu.todo.rest.MyErrorHandler_
07:11:59.377 [Worker-63] DEBUG o.a.g.SourceCodewriter:55 - Generating class: hu.todo.rest.RestInterface_
07:11:59.381 [Worker-63] DEBUG o.a.g.SourceCodewriter:55 - Generating class: hu.todo.rest.java.util.List_Task
07:11:59.381 [Worker-63] INFO  o.a.g.SourceCodewriter:63 - Generating class with no originating element: hu.todo.rest.java.util.List_Task
07:11:59.384 [Worker-63] DEBUG o.a.g.SourceCodewriter:55 - Generating class: hu.todo.rest.java.util.List_User
07:11:59.384 [Worker-63] INFO  o.a.g.SourceCodewriter:63 - Generating class with no originating element: hu.todo.rest.java.util.List_User
07:11:59.386 [Worker-63] DEBUG o.a.g.SourceCodewriter:55 - Generating class: hu.todo.adapter.TitleNavigationAdapter_
07:11:59.388 [Worker-63] DEBUG o.a.g.SourceCodewriter:55 - Generating class: hu.todo.adapter.TodoAdapter_
07:11:59.390 [Worker-63] DEBUG o.a.g.SourceCodewriter:55 - Generating class: hu.todo.fragment.AllFragment.LoginDialogFragment_
07:11:59.394 [Worker-63] DEBUG o.a.g.SourceCodewriter:55 - Generating class: hu.todo.activity.AddTaskActivity_
07:11:59.447 [Worker-63] DEBUG o.a.g.SourceCodewriter:55 - Generating class: hu.todo.activity.MainActivity_
07:11:59.451 [Worker-63] DEBUG o.a.g.SourceCodewriter:55 - Generating class: hu.todo.activity.ShowTaskActivity_
07:11:59.457 [Worker-63] DEBUG o.a.g.SourceCodewriter:55 - Generating class: hu.todo.layout.NavListItemView_
07:11:59.459 [Worker-63] DEBUG o.a.g.SourceCodewriter:55 - Generating class: hu.todo.layout.NavTitleItemView_
07:11:59.462 [Worker-63] DEBUG o.a.g.SourceCodewriter:55 - Generating class: hu.todo.layout.TodoItemView_
07:11:59.464 [Worker-63] DEBUG o.a.g.SourceCodewriter:55 - Generating class: hu.todo.fragment.AllFragment_
07:11:59.467 [Worker-63] DEBUG o.a.g.SourceCodewriter:55 - Generating class: hu.todo.fragment.GroupedByUserFragment_
07:11:59.470 [Worker-63] INFO  o.a.p.TimeStats:81 - Time measurements: [Whole Processing = 187 ms], [Generate Sources = 99 ms], [Validate Annotations = 30 ms], [Process Annotations = 23 ms], [Extract Annotations = 21 ms], [Find R Classes = 10 ms], [Extract Manifest = 2 ms], 
07:11:59.471 [Worker-63] INFO  o.a.AndroidAnnotationProcessor:123 - Finish processing
07:12:02.974 [Worker-65] INFO  o.a.AndroidAnnotationProcessor:85 - Initialize AndroidAnnotations 3.0.1 with options {phase=BUILD}
07:12:02.976 [Worker-65] INFO  o.a.AndroidAnnotationProcessor:109 - Start processing for 25 annotations on 28 elements
07:12:03.0 [Worker-65] DEBUG o.a.h.AndroidManifestFinder:137 - AndroidManifest.xml file found in parent folder /home/criss/git/Todo-App/2Do: /home/criss/git/Todo-App/2Do/AndroidManifest.xml
07:12:03.1 [Worker-65] INFO  o.a.AndroidAnnotationProcessor:172 - AndroidManifest.xml found: AndroidManifest [applicationPackage=hu.todo, componentQualifiedNames=[hu.todo.activity.MainActivity_, hu.todo.activity.ShowTaskActivity_, hu.todo.activity.AddTaskActivity_], permissionQualifiedNames=[android.permission.ACCESS_NETWORK_STATE, android.permission.WRITE_EXTERNAL_STORAGE, android.permission.INTERNET], applicationClassName=null, libraryProject=false, debugabble=false, minSdkVersion=14, maxSdkVersion=-1, targetSdkVersion=19]
07:12:03.2 [Worker-65] INFO  o.a.r.ProjectRClassFinder:50 - Found project R class: hu.todo.R
07:12:03.7 [Worker-65] INFO  o.a.r.AndroidRClassFinder:44 - Found Android class: android.R
07:12:03.12 [Worker-65] INFO  o.a.p.ModelValidator:42 - Validating elements
07:12:03.13 [Worker-65] DEBUG o.a.p.ModelValidator:62 - Validating with EActivityHandler: [hu.todo.activity.AddTaskActivity, hu.todo.activity.MainActivity, hu.todo.activity.ShowTaskActivity]
07:12:03.15 [Worker-65] DEBUG o.a.p.ModelValidator:62 - Validating with EFragmentHandler: [hu.todo.fragment.AllFragment, hu.todo.fragment.GroupedByUserFragment]
07:12:03.16 [Worker-65] DEBUG o.a.p.ModelValidator:62 - Validating with EBeanHandler: [hu.todo.rest.MyErrorHandler, hu.todo.adapter.TodoAdapter, hu.todo.fragment.AllFragment.LoginDialogFragment, hu.todo.adapter.TitleNavigationAdapter]
07:12:03.17 [Worker-65] DEBUG o.a.p.ModelValidator:62 - Validating with EViewGroupHandler: [hu.todo.layout.NavListItemView, hu.todo.layout.TodoItemView, hu.todo.layout.NavTitleItemView]
07:12:03.19 [Worker-65] DEBUG o.a.p.ModelValidator:62 - Validating with SharedPrefHandler: [hu.todo.sharedprefs.MyPrefs]
07:12:03.19 [Worker-65] DEBUG o.a.p.ModelValidator:62 - Validating with PrefHandler: [myPref]
07:12:03.20 [Worker-65] DEBUG o.a.p.ModelValidator:62 - Validating with ViewByIdHandler: [viewPager, title, txtDate1stRow, createdPicker, description, txtContent2ndRow, txtDate2ndRow, txtListSize, date, user, datePicker, txtContent1stRow, datePicker, created, created, user, timePicker, password, createdPicker, timePicker, updated, updatedPicker, title, date, txtListTitle, updated, updatedPicker, email, todoImage, description, titleView, btnCreate]
07:12:03.24 [Worker-65] DEBUG o.a.p.ModelValidator:62 - Validating with ClickHandler: [void showDatePicker() , void showTimePicker() , void clickCreate() , void showDatePicker() , void showTimePicker() ]
07:12:03.25 [Worker-65] DEBUG o.a.p.ModelValidator:62 - Validating with ItemClickHandler: [public void myListItemClicked(hu.todo.entity.Task) , public void myListItemClicked(hu.todo.entity.Task) ]
07:12:03.26 [Worker-65] DEBUG o.a.p.ModelValidator:62 - Validating with TransactionalHandler: [void deleteLocal(android.database.sqlite.SQLiteDatabase, int) , void getLocalTasks(android.database.sqlite.SQLiteDatabase) , void putsome(android.database.sqlite.SQLiteDatabase) , void getLocalTasks(android.database.sqlite.SQLiteDatabase) , void putsome(android.database.sqlite.SQLiteDatabase) , void insertTask(android.database.sqlite.SQLiteDatabase) ]
07:12:03.26 [Worker-65] DEBUG o.a.p.ModelValidator:62 - Validating with ExtraHandler: [task]
07:12:03.27 [Worker-65] DEBUG o.a.p.ModelValidator:62 - Validating with RestHandler: [hu.todo.rest.RestInterface]
07:12:03.29 [Worker-65] DEBUG o.a.p.ModelValidator:62 - Validating with GetHandler: [public abstract List<hu.todo.entity.Task> getAllTask(java.lang.String) , public abstract List<hu.todo.entity.User> getAllUser(java.lang.String) ]
07:12:03.31 [Worker-65] DEBUG o.a.p.ModelValidator:62 - Validating with PostHandler: [public abstract hu.todo.entity.Task updateTask(MultiValueMap<java.lang.String,java.lang.String>, int, java.lang.String) , public abstract hu.todo.entity.Task addTask(MultiValueMap<java.lang.String,java.lang.String>, java.lang.String) , public abstract hu.todo.entity.User login(java.lang.String, java.lang.String) ]
07:12:03.32 [Worker-65] DEBUG o.a.p.ModelValidator:62 - Validating with OptionsMenuHandler: [hu.todo.activity.MainActivity, hu.todo.activity.ShowTaskActivity]
07:12:03.32 [Worker-65] DEBUG o.a.p.ModelValidator:62 - Validating with OptionsMenuItemHandler: [refreshMenuItem, editMenuItem, saveMenuItem]
07:12:03.34 [Worker-65] DEBUG o.a.p.ModelValidator:62 - Validating with OptionsItemHandler: [void menuRefresh(android.view.MenuItem) , void editTask() , void navigateBackOnHomePress() , void navigateBackOnHomePress() , void saveTask() , void menuAddTask(android.view.MenuItem) ]
07:12:03.35 [Worker-65] DEBUG o.a.p.ModelValidator:62 - Validating with RestServiceHandler: [taskManager, taskManager, taskManager, taskManager, taskManager]
07:12:03.36 [Worker-65] DEBUG o.a.p.ModelValidator:62 - Validating with RootContextHanlder: [context, context]
07:12:03.37 [Worker-65] DEBUG o.a.p.ModelValidator:62 - Validating with BeanHandler: [myErrorHandler, adapter, adapter, myErrorHandler, adapter, myErrorHandler, myErrorHandler, myErrorHandler]
07:12:03.38 [Worker-65] DEBUG o.a.p.ModelValidator:62 - Validating with AfterTextChangeHandler: [void createdPChanged() , void updatedPChanged() , void updatedPChanged() , void descChanged() , void timePChanged() , void datePChanged() , void descChanged() , void createdPChanged() , void updatedTChanged() , void datePChanged() , void timePChanged() ]
07:12:03.39 [Worker-65] DEBUG o.a.p.ModelValidator:62 - Validating with InstanceStateHandler: [desc, createdP, isEdit, dateP, desc, dateP, dateT, t, updatedP, updatedP, dateT, createdP]
07:12:03.39 [Worker-65] DEBUG o.a.p.ModelValidator:62 - Validating with AfterViewsHandler: [void binddAdapter() , void init() , void afterViews() , void setViews() , void binddAdapter() , void afterViews() ]
07:12:03.40 [Worker-65] DEBUG o.a.p.ModelValidator:62 - Validating with UiThreadHandler: [void showDialog() , void dismissDialog() , void showDialog() , void dismissDialog() , void setAuCompleteUser() , void showResult(List<hu.todo.entity.Task>) , void dismissDialog() , void onPostExecute() , void showDialog() , void showDialog() , void dismissDialog() , void showDialog() , void setAuCompleteUser() , void onPreExecute() , void dismissDialog() , void showResult(List<hu.todo.entity.Task>) ]
07:12:03.41 [Worker-65] DEBUG o.a.p.ModelValidator:62 - Validating with BackgroundHandler: [void refresh() , void addTask(MultiValueMap<java.lang.String,java.lang.String>, java.lang.String) , void login() , void getUsers(java.lang.String) , void getItemsInBackground() , void addTask(MultiValueMap<java.lang.String,java.lang.String>, java.lang.String) , void updateTask(MultiValueMap<java.lang.String,java.lang.String>, java.lang.String) , void getUsers(java.lang.String) , void getItemsInBackground() ]
07:12:03.42 [Worker-65] INFO  o.a.p.ModelProcessor:73 - Processing root elements
07:12:03.42 [Worker-65] DEBUG o.a.p.ModelProcessor:80 - Processing root elements EActivityHandler: [hu.todo.activity.AddTaskActivity, hu.todo.activity.MainActivity, hu.todo.activity.ShowTaskActivity]
07:12:03.47 [Worker-65] DEBUG o.a.p.ModelProcessor:80 - Processing root elements EFragmentHandler: [hu.todo.fragment.AllFragment, hu.todo.fragment.GroupedByUserFragment]
07:12:03.48 [Worker-65] DEBUG o.a.p.ModelProcessor:80 - Processing root elements EBeanHandler: [hu.todo.adapter.TodoAdapter, hu.todo.rest.MyErrorHandler, hu.todo.adapter.TitleNavigationAdapter, hu.todo.fragment.AllFragment.LoginDialogFragment]
07:12:03.48 [Worker-65] DEBUG o.a.p.ModelProcessor:80 - Processing root elements EViewGroupHandler: [hu.todo.layout.NavListItemView, hu.todo.layout.TodoItemView, hu.todo.layout.NavTitleItemView]
07:12:03.49 [Worker-65] DEBUG o.a.p.ModelProcessor:80 - Processing root elements SharedPrefHandler: [hu.todo.sharedprefs.MyPrefs]
07:12:03.50 [Worker-65] DEBUG o.a.p.ModelProcessor:80 - Processing root elements RestHandler: [hu.todo.rest.RestInterface]
07:12:03.51 [Worker-65] INFO  o.a.p.ModelProcessor:104 - Processing enclosed elements
07:12:03.121 [Worker-65] INFO  o.a.AndroidAnnotationProcessor:251 - Number of files generated by AndroidAnnotations: 16
07:12:03.122 [Worker-65] INFO  o.a.g.ApiCodeGenerator:52 - Writting following API classes in project: []
07:12:03.122 [Worker-65] DEBUG o.a.g.SourceCodewriter:55 - Generating class: hu.todo.sharedprefs.MyPrefs_
07:12:03.126 [Worker-65] DEBUG o.a.g.SourceCodewriter:55 - Generating class: hu.todo.rest.MyErrorHandler_
07:12:03.128 [Worker-65] DEBUG o.a.g.SourceCodewriter:55 - Generating class: hu.todo.rest.RestInterface_
07:12:03.132 [Worker-65] DEBUG o.a.g.SourceCodewriter:55 - Generating class: hu.todo.rest.java.util.List_Task
07:12:03.132 [Worker-65] INFO  o.a.g.SourceCodewriter:63 - Generating class with no originating element: hu.todo.rest.java.util.List_Task
07:12:03.135 [Worker-65] DEBUG o.a.g.SourceCodewriter:55 - Generating class: hu.todo.rest.java.util.List_User
07:12:03.135 [Worker-65] INFO  o.a.g.SourceCodewriter:63 - Generating class with no originating element: hu.todo.rest.java.util.List_User
07:12:03.137 [Worker-65] DEBUG o.a.g.SourceCodewriter:55 - Generating class: hu.todo.adapter.TitleNavigationAdapter_
07:12:03.139 [Worker-65] DEBUG o.a.g.SourceCodewriter:55 - Generating class: hu.todo.adapter.TodoAdapter_
07:12:03.140 [Worker-65] DEBUG o.a.g.SourceCodewriter:55 - Generating class: hu.todo.fragment.AllFragment.LoginDialogFragment_
07:12:03.143 [Worker-65] DEBUG o.a.g.SourceCodewriter:55 - Generating class: hu.todo.activity.AddTaskActivity_
07:12:03.149 [Worker-65] DEBUG o.a.g.SourceCodewriter:55 - Generating class: hu.todo.activity.MainActivity_
07:12:03.153 [Worker-65] DEBUG o.a.g.SourceCodewriter:55 - Generating class: hu.todo.activity.ShowTaskActivity_
07:12:03.158 [Worker-65] DEBUG o.a.g.SourceCodewriter:55 - Generating class: hu.todo.layout.NavListItemView_
07:12:03.161 [Worker-65] DEBUG o.a.g.SourceCodewriter:55 - Generating class: hu.todo.layout.NavTitleItemView_
07:12:03.163 [Worker-65] DEBUG o.a.g.SourceCodewriter:55 - Generating class: hu.todo.layout.TodoItemView_
07:12:03.165 [Worker-65] DEBUG o.a.g.SourceCodewriter:55 - Generating class: hu.todo.fragment.AllFragment_
07:12:03.168 [Worker-65] DEBUG o.a.g.SourceCodewriter:55 - Generating class: hu.todo.fragment.GroupedByUserFragment_
07:12:03.171 [Worker-65] INFO  o.a.p.TimeStats:81 - Time measurements: [Whole Processing = 195 ms], [Process Annotations = 79 ms], [Generate Sources = 50 ms], [Validate Annotations = 30 ms], [Extract Annotations = 23 ms], [Find R Classes = 10 ms], [Extract Manifest = 1 ms], 
07:12:03.172 [Worker-65] INFO  o.a.AndroidAnnotationProcessor:123 - Finish processing
07:12:09.584 [Worker-63] INFO  o.a.AndroidAnnotationProcessor:85 - Initialize AndroidAnnotations 3.0.1 with options {phase=BUILD}
07:12:10.740 [Worker-65] INFO  o.a.AndroidAnnotationProcessor:85 - Initialize AndroidAnnotations 3.0.1 with options {phase=BUILD}
07:12:10.741 [Worker-65] INFO  o.a.AndroidAnnotationProcessor:109 - Start processing for 11 annotations on 1 elements
07:12:10.753 [Worker-65] DEBUG o.a.h.AndroidManifestFinder:137 - AndroidManifest.xml file found in parent folder /home/criss/git/Todo-App/2Do: /home/criss/git/Todo-App/2Do/AndroidManifest.xml
07:12:10.756 [Worker-65] INFO  o.a.AndroidAnnotationProcessor:172 - AndroidManifest.xml found: AndroidManifest [applicationPackage=hu.todo, componentQualifiedNames=[hu.todo.activity.MainActivity_, hu.todo.activity.ShowTaskActivity_, hu.todo.activity.AddTaskActivity_], permissionQualifiedNames=[android.permission.ACCESS_NETWORK_STATE, android.permission.WRITE_EXTERNAL_STORAGE, android.permission.INTERNET], applicationClassName=null, libraryProject=false, debugabble=false, minSdkVersion=14, maxSdkVersion=-1, targetSdkVersion=19]
07:12:10.757 [Worker-65] INFO  o.a.r.ProjectRClassFinder:50 - Found project R class: hu.todo.R
07:12:10.760 [Worker-65] INFO  o.a.r.AndroidRClassFinder:44 - Found Android class: android.R
07:12:10.776 [Worker-65] INFO  o.a.p.ModelValidator:42 - Validating elements
07:12:10.777 [Worker-65] DEBUG o.a.p.ModelValidator:62 - Validating with EFragmentHandler: [hu.todo.fragment.AllFragment]
07:12:10.779 [Worker-65] DEBUG o.a.p.ModelValidator:62 - Validating with EBeanHandler: [hu.todo.fragment.AllFragment.LoginDialogFragment]
07:12:10.780 [Worker-65] DEBUG o.a.p.ModelValidator:62 - Validating with PrefHandler: [myPref]
07:12:10.781 [Worker-65] DEBUG o.a.p.ModelValidator:62 - Validating with ViewByIdHandler: [email, password]
07:12:10.783 [Worker-65] DEBUG o.a.p.ModelValidator:62 - Validating with ItemClickHandler: [public void myListItemClicked(hu.todo.entity.Task) ]
07:12:10.784 [Worker-65] DEBUG o.a.p.ModelValidator:62 - Validating with TransactionalHandler: [void getLocalTasks(android.database.sqlite.SQLiteDatabase) , void putsome(android.database.sqlite.SQLiteDatabase) ]
07:12:10.785 [Worker-65] DEBUG o.a.p.ModelValidator:62 - Validating with RestServiceHandler: [taskManager]
07:12:10.786 [Worker-65] DEBUG o.a.p.ModelValidator:62 - Validating with BeanHandler: [adapter, myErrorHandler]
07:12:10.787 [Worker-65] DEBUG o.a.p.ModelValidator:62 - Validating with AfterViewsHandler: [void binddAdapter() ]
07:12:10.787 [Worker-65] DEBUG o.a.p.ModelValidator:62 - Validating with UiThreadHandler: [void dismissDialog() , void showDialog() , void showResult(List<hu.todo.entity.Task>) ]
07:12:10.788 [Worker-65] DEBUG o.a.p.ModelValidator:62 - Validating with BackgroundHandler: [void getItemsInBackground() , void login() ]
07:12:10.788 [Worker-65] INFO  o.a.p.ModelProcessor:73 - Processing root elements
07:12:10.789 [Worker-65] DEBUG o.a.p.ModelProcessor:80 - Processing root elements EFragmentHandler: [hu.todo.fragment.AllFragment]
07:12:10.790 [Worker-65] DEBUG o.a.p.ModelProcessor:80 - Processing root elements EBeanHandler: [hu.todo.fragment.AllFragment.LoginDialogFragment]
07:12:10.790 [Worker-65] INFO  o.a.p.ModelProcessor:104 - Processing enclosed elements
07:12:10.792 [Worker-65] INFO  o.a.AndroidAnnotationProcessor:251 - Number of files generated by AndroidAnnotations: 2
07:12:10.792 [Worker-65] INFO  o.a.g.ApiCodeGenerator:52 - Writting following API classes in project: []
07:12:10.793 [Worker-65] DEBUG o.a.g.SourceCodewriter:55 - Generating class: hu.todo.fragment.AllFragment.LoginDialogFragment_
07:12:10.799 [Worker-65] DEBUG o.a.g.SourceCodewriter:55 - Generating class: hu.todo.fragment.AllFragment_
07:12:10.808 [Worker-65] INFO  o.a.p.TimeStats:81 - Time measurements: [Whole Processing = 67 ms], [Find R Classes = 19 ms], [Generate Sources = 16 ms], [Validate Annotations = 12 ms], [Extract Annotations = 10 ms], [Extract Manifest = 4 ms], [Process Annotations = 4 ms], 
07:12:10.809 [Worker-65] INFO  o.a.AndroidAnnotationProcessor:123 - Finish processing
07:12:12.265 [Worker-62] INFO  o.a.AndroidAnnotationProcessor:85 - Initialize AndroidAnnotations 3.0.1 with options {phase=BUILD}
07:12:43.346 [Worker-63] INFO  o.a.AndroidAnnotationProcessor:85 - Initialize AndroidAnnotations 3.0.1 with options {phase=BUILD}
07:12:43.348 [Worker-63] INFO  o.a.AndroidAnnotationProcessor:109 - Start processing for 10 annotations on 1 elements
07:12:43.359 [Worker-63] DEBUG o.a.h.AndroidManifestFinder:137 - AndroidManifest.xml file found in parent folder /home/criss/git/Todo-App/2Do: /home/criss/git/Todo-App/2Do/AndroidManifest.xml
07:12:43.363 [Worker-63] INFO  o.a.AndroidAnnotationProcessor:172 - AndroidManifest.xml found: AndroidManifest [applicationPackage=hu.todo, componentQualifiedNames=[hu.todo.activity.MainActivity_, hu.todo.activity.ShowTaskActivity_, hu.todo.activity.AddTaskActivity_], permissionQualifiedNames=[android.permission.ACCESS_NETWORK_STATE, android.permission.WRITE_EXTERNAL_STORAGE, android.permission.INTERNET], applicationClassName=null, libraryProject=false, debugabble=false, minSdkVersion=14, maxSdkVersion=-1, targetSdkVersion=19]
07:12:43.364 [Worker-63] INFO  o.a.r.ProjectRClassFinder:50 - Found project R class: hu.todo.R
07:12:43.368 [Worker-63] INFO  o.a.r.AndroidRClassFinder:44 - Found Android class: android.R
07:12:43.375 [Worker-63] INFO  o.a.p.ModelValidator:42 - Validating elements
07:12:43.376 [Worker-63] DEBUG o.a.p.ModelValidator:62 - Validating with EFragmentHandler: [hu.todo.fragment.AllFragment]
07:12:43.377 [Worker-63] DEBUG o.a.p.ModelValidator:62 - Validating with PrefHandler: [myPref]
07:12:43.378 [Worker-63] DEBUG o.a.p.ModelValidator:62 - Validating with ViewByIdHandler: [email, password]
07:12:43.379 [Worker-63] ERROR o.a.h.AnnotationHelper:110 - @org.androidannotations.annotations.ViewById can only be used in a class annotated with @org.androidannotations.annotations.EActivity, @org.androidannotations.annotations.EViewGroup, @org.androidannotations.annotations.EView, @org.androidannotations.annotations.EBean, @org.androidannotations.annotations.EFragment.
07:12:43.380 [Worker-63] WARN  o.a.p.ModelValidator:69 - Element ViewByIdHandler unvalidated by 
07:12:43.381 [Worker-63] ERROR o.a.h.AnnotationHelper:110 - @org.androidannotations.annotations.ViewById can only be used in a class annotated with @org.androidannotations.annotations.EActivity, @org.androidannotations.annotations.EViewGroup, @org.androidannotations.annotations.EView, @org.androidannotations.annotations.EBean, @org.androidannotations.annotations.EFragment.
07:12:43.381 [Worker-63] WARN  o.a.p.ModelValidator:69 - Element ViewByIdHandler unvalidated by 
07:12:43.382 [Worker-63] DEBUG o.a.p.ModelValidator:62 - Validating with ItemClickHandler: [public void myListItemClicked(hu.todo.entity.Task) ]
07:12:43.383 [Worker-63] DEBUG o.a.p.ModelValidator:62 - Validating with TransactionalHandler: [void getLocalTasks(android.database.sqlite.SQLiteDatabase) , void putsome(android.database.sqlite.SQLiteDatabase) ]
07:12:43.383 [Worker-63] DEBUG o.a.p.ModelValidator:62 - Validating with RestServiceHandler: [taskManager]
07:12:43.384 [Worker-63] DEBUG o.a.p.ModelValidator:62 - Validating with BeanHandler: [adapter, myErrorHandler]
07:12:43.385 [Worker-63] DEBUG o.a.p.ModelValidator:62 - Validating with AfterViewsHandler: [void binddAdapter() ]
07:12:43.386 [Worker-63] DEBUG o.a.p.ModelValidator:62 - Validating with UiThreadHandler: [void dismissDialog() , void showResult(List<hu.todo.entity.Task>) , void showDialog() ]
07:12:43.386 [Worker-63] DEBUG o.a.p.ModelValidator:62 - Validating with BackgroundHandler: [void getItemsInBackground() , void login() ]
07:12:43.387 [Worker-63] ERROR o.a.h.AnnotationHelper:110 - @org.androidannotations.annotations.Background can only be used in a class annotated with @org.androidannotations.annotations.EApplication, @org.androidannotations.annotations.EActivity, @org.androidannotations.annotations.EViewGroup, @org.androidannotations.annotations.EView, @org.androidannotations.annotations.EBean, @org.androidannotations.annotations.EService, @org.androidannotations.annotations.EIntentService, @org.androidannotations.annotations.EReceiver, @org.androidannotations.annotations.EProvider, @org.androidannotations.annotations.EFragment.
07:12:43.387 [Worker-63] WARN  o.a.p.ModelValidator:69 - Element BackgroundHandler unvalidated by 
07:12:43.388 [Worker-63] INFO  o.a.p.ModelProcessor:73 - Processing root elements
07:12:43.388 [Worker-63] DEBUG o.a.p.ModelProcessor:80 - Processing root elements EFragmentHandler: [hu.todo.fragment.AllFragment]
07:12:43.389 [Worker-63] INFO  o.a.p.ModelProcessor:104 - Processing enclosed elements
07:12:43.390 [Worker-63] INFO  o.a.AndroidAnnotationProcessor:251 - Number of files generated by AndroidAnnotations: 1
07:12:43.391 [Worker-63] INFO  o.a.g.ApiCodeGenerator:52 - Writting following API classes in project: []
07:12:43.391 [Worker-63] DEBUG o.a.g.SourceCodewriter:55 - Generating class: hu.todo.fragment.AllFragment_
07:12:43.400 [Worker-63] INFO  o.a.p.TimeStats:81 - Time measurements: [Whole Processing = 52 ms], [Validate Annotations = 13 ms], [Find R Classes = 11 ms], [Extract Annotations = 10 ms], [Generate Sources = 10 ms], [Extract Manifest = 4 ms], [Process Annotations = 2 ms], 
07:12:43.400 [Worker-63] INFO  o.a.AndroidAnnotationProcessor:123 - Finish processing
07:12:58.35 [Worker-55] INFO  o.a.AndroidAnnotationProcessor:85 - Initialize AndroidAnnotations 3.0.1 with options {phase=BUILD}
07:12:58.36 [Worker-55] INFO  o.a.AndroidAnnotationProcessor:109 - Start processing for 9 annotations on 3 elements
07:12:58.46 [Worker-55] DEBUG o.a.h.AndroidManifestFinder:137 - AndroidManifest.xml file found in parent folder /home/criss/git/Todo-App/2Do: /home/criss/git/Todo-App/2Do/AndroidManifest.xml
07:12:58.50 [Worker-55] INFO  o.a.AndroidAnnotationProcessor:172 - AndroidManifest.xml found: AndroidManifest [applicationPackage=hu.todo, componentQualifiedNames=[hu.todo.activity.MainActivity_, hu.todo.activity.ShowTaskActivity_, hu.todo.activity.AddTaskActivity_], permissionQualifiedNames=[android.permission.ACCESS_NETWORK_STATE, android.permission.WRITE_EXTERNAL_STORAGE, android.permission.INTERNET], applicationClassName=null, libraryProject=false, debugabble=false, minSdkVersion=14, maxSdkVersion=-1, targetSdkVersion=19]
07:12:58.50 [Worker-55] INFO  o.a.r.ProjectRClassFinder:50 - Found project R class: hu.todo.R
07:12:58.57 [Worker-55] INFO  o.a.r.AndroidRClassFinder:44 - Found Android class: android.R
07:12:58.62 [Worker-55] INFO  o.a.p.ModelValidator:42 - Validating elements
07:12:58.63 [Worker-55] DEBUG o.a.p.ModelValidator:62 - Validating with EFragmentHandler: [hu.todo.fragment.AllFragment]
07:12:58.64 [Worker-55] DEBUG o.a.p.ModelValidator:62 - Validating with PrefHandler: [myPref]
07:12:58.65 [Worker-55] DEBUG o.a.p.ModelValidator:62 - Validating with ItemClickHandler: [public void myListItemClicked(hu.todo.entity.Task) ]
07:12:58.66 [Worker-55] DEBUG o.a.p.ModelValidator:62 - Validating with TransactionalHandler: [void putsome(android.database.sqlite.SQLiteDatabase) , void getLocalTasks(android.database.sqlite.SQLiteDatabase) ]
07:12:58.66 [Worker-55] DEBUG o.a.p.ModelValidator:62 - Validating with RestServiceHandler: [taskManager]
07:12:58.67 [Worker-55] DEBUG o.a.p.ModelValidator:62 - Validating with BeanHandler: [myErrorHandler, adapter]
07:12:58.68 [Worker-55] DEBUG o.a.p.ModelValidator:62 - Validating with AfterViewsHandler: [void binddAdapter() ]
07:12:58.68 [Worker-55] DEBUG o.a.p.ModelValidator:62 - Validating with UiThreadHandler: [void dismissDialog() , void showResult(List<hu.todo.entity.Task>) , void showDialog() ]
07:12:58.69 [Worker-55] DEBUG o.a.p.ModelValidator:62 - Validating with BackgroundHandler: [void getItemsInBackground() , void login() ]
07:12:58.69 [Worker-55] ERROR o.a.h.AnnotationHelper:110 - @org.androidannotations.annotations.Background can only be used in a class annotated with @org.androidannotations.annotations.EApplication, @org.androidannotations.annotations.EActivity, @org.androidannotations.annotations.EViewGroup, @org.androidannotations.annotations.EView, @org.androidannotations.annotations.EBean, @org.androidannotations.annotations.EService, @org.androidannotations.annotations.EIntentService, @org.androidannotations.annotations.EReceiver, @org.androidannotations.annotations.EProvider, @org.androidannotations.annotations.EFragment.
07:12:58.70 [Worker-55] WARN  o.a.p.ModelValidator:69 - Element BackgroundHandler unvalidated by 
07:12:58.70 [Worker-55] INFO  o.a.p.ModelProcessor:73 - Processing root elements
07:12:58.70 [Worker-55] DEBUG o.a.p.ModelProcessor:80 - Processing root elements EFragmentHandler: [hu.todo.fragment.AllFragment]
07:12:58.71 [Worker-55] INFO  o.a.p.ModelProcessor:104 - Processing enclosed elements
07:12:58.72 [Worker-55] INFO  o.a.AndroidAnnotationProcessor:251 - Number of files generated by AndroidAnnotations: 1
07:12:58.73 [Worker-55] INFO  o.a.g.ApiCodeGenerator:52 - Writting following API classes in project: []
07:12:58.73 [Worker-55] DEBUG o.a.g.SourceCodewriter:55 - Generating class: hu.todo.fragment.AllFragment_
07:12:58.82 [Worker-55] INFO  o.a.p.TimeStats:81 - Time measurements: [Whole Processing = 46 ms], [Find R Classes = 12 ms], [Generate Sources = 10 ms], [Extract Annotations = 9 ms], [Validate Annotations = 8 ms], [Extract Manifest = 4 ms], [Process Annotations = 2 ms], 
07:12:58.82 [Worker-55] INFO  o.a.AndroidAnnotationProcessor:123 - Finish processing
07:14:11.592 [Worker-67] INFO  o.a.AndroidAnnotationProcessor:85 - Initialize AndroidAnnotations 3.0.1 with options {phase=BUILD}
07:14:11.593 [Worker-67] INFO  o.a.AndroidAnnotationProcessor:109 - Start processing for 9 annotations on 3 elements
07:14:11.603 [Worker-67] DEBUG o.a.h.AndroidManifestFinder:137 - AndroidManifest.xml file found in parent folder /home/criss/git/Todo-App/2Do: /home/criss/git/Todo-App/2Do/AndroidManifest.xml
07:14:11.607 [Worker-67] INFO  o.a.AndroidAnnotationProcessor:172 - AndroidManifest.xml found: AndroidManifest [applicationPackage=hu.todo, componentQualifiedNames=[hu.todo.activity.MainActivity_, hu.todo.activity.ShowTaskActivity_, hu.todo.activity.AddTaskActivity_], permissionQualifiedNames=[android.permission.ACCESS_NETWORK_STATE, android.permission.WRITE_EXTERNAL_STORAGE, android.permission.INTERNET], applicationClassName=null, libraryProject=false, debugabble=false, minSdkVersion=14, maxSdkVersion=-1, targetSdkVersion=19]
07:14:11.608 [Worker-67] INFO  o.a.r.ProjectRClassFinder:50 - Found project R class: hu.todo.R
07:14:11.615 [Worker-67] INFO  o.a.r.AndroidRClassFinder:44 - Found Android class: android.R
07:14:11.621 [Worker-67] INFO  o.a.p.ModelValidator:42 - Validating elements
07:14:11.622 [Worker-67] DEBUG o.a.p.ModelValidator:62 - Validating with EFragmentHandler: [hu.todo.fragment.AllFragment]
07:14:11.623 [Worker-67] DEBUG o.a.p.ModelValidator:62 - Validating with PrefHandler: [myPref]
07:14:11.624 [Worker-67] DEBUG o.a.p.ModelValidator:62 - Validating with ItemClickHandler: [public void myListItemClicked(hu.todo.entity.Task) ]
07:14:11.625 [Worker-67] DEBUG o.a.p.ModelValidator:62 - Validating with TransactionalHandler: [void putsome(android.database.sqlite.SQLiteDatabase) , void getLocalTasks(android.database.sqlite.SQLiteDatabase) ]
07:14:11.625 [Worker-67] DEBUG o.a.p.ModelValidator:62 - Validating with RestServiceHandler: [taskManager]
07:14:11.626 [Worker-67] DEBUG o.a.p.ModelValidator:62 - Validating with BeanHandler: [adapter, myErrorHandler]
07:14:11.627 [Worker-67] DEBUG o.a.p.ModelValidator:62 - Validating with AfterViewsHandler: [void binddAdapter() ]
07:14:11.628 [Worker-67] DEBUG o.a.p.ModelValidator:62 - Validating with UiThreadHandler: [void showResult(List<hu.todo.entity.Task>) , void dismissDialog() , void showDialog() ]
07:14:11.628 [Worker-67] DEBUG o.a.p.ModelValidator:62 - Validating with BackgroundHandler: [void login() , void getItemsInBackground() ]
07:14:11.629 [Worker-67] ERROR o.a.h.AnnotationHelper:110 - @org.androidannotations.annotations.Background can only be used in a class annotated with @org.androidannotations.annotations.EApplication, @org.androidannotations.annotations.EActivity, @org.androidannotations.annotations.EViewGroup, @org.androidannotations.annotations.EView, @org.androidannotations.annotations.EBean, @org.androidannotations.annotations.EService, @org.androidannotations.annotations.EIntentService, @org.androidannotations.annotations.EReceiver, @org.androidannotations.annotations.EProvider, @org.androidannotations.annotations.EFragment.
07:14:11.629 [Worker-67] WARN  o.a.p.ModelValidator:69 - Element BackgroundHandler unvalidated by 
07:14:11.629 [Worker-67] INFO  o.a.p.ModelProcessor:73 - Processing root elements
07:14:11.630 [Worker-67] DEBUG o.a.p.ModelProcessor:80 - Processing root elements EFragmentHandler: [hu.todo.fragment.AllFragment]
07:14:11.631 [Worker-67] INFO  o.a.p.ModelProcessor:104 - Processing enclosed elements
07:14:11.632 [Worker-67] INFO  o.a.AndroidAnnotationProcessor:251 - Number of files generated by AndroidAnnotations: 1
07:14:11.632 [Worker-67] INFO  o.a.g.ApiCodeGenerator:52 - Writting following API classes in project: []
07:14:11.633 [Worker-67] DEBUG o.a.g.SourceCodewriter:55 - Generating class: hu.todo.fragment.AllFragment_
07:14:11.644 [Worker-67] INFO  o.a.p.TimeStats:81 - Time measurements: [Whole Processing = 51 ms], [Find R Classes = 13 ms], [Generate Sources = 12 ms], [Extract Annotations = 9 ms], [Validate Annotations = 8 ms], [Extract Manifest = 4 ms], [Process Annotations = 3 ms], 
07:14:11.645 [Worker-67] INFO  o.a.AndroidAnnotationProcessor:123 - Finish processing
07:16:40.624 [Worker-65] INFO  o.a.AndroidAnnotationProcessor:85 - Initialize AndroidAnnotations 3.0.1 with options {phase=BUILD}
07:16:40.626 [Worker-65] INFO  o.a.AndroidAnnotationProcessor:109 - Start processing for 9 annotations on 3 elements
07:16:40.636 [Worker-65] DEBUG o.a.h.AndroidManifestFinder:137 - AndroidManifest.xml file found in parent folder /home/criss/git/Todo-App/2Do: /home/criss/git/Todo-App/2Do/AndroidManifest.xml
07:16:40.639 [Worker-65] INFO  o.a.AndroidAnnotationProcessor:172 - AndroidManifest.xml found: AndroidManifest [applicationPackage=hu.todo, componentQualifiedNames=[hu.todo.activity.MainActivity_, hu.todo.activity.ShowTaskActivity_, hu.todo.activity.AddTaskActivity_], permissionQualifiedNames=[android.permission.ACCESS_NETWORK_STATE, android.permission.WRITE_EXTERNAL_STORAGE, android.permission.INTERNET], applicationClassName=null, libraryProject=false, debugabble=false, minSdkVersion=14, maxSdkVersion=-1, targetSdkVersion=19]
07:16:40.640 [Worker-65] INFO  o.a.r.ProjectRClassFinder:50 - Found project R class: hu.todo.R
07:16:40.647 [Worker-65] INFO  o.a.r.AndroidRClassFinder:44 - Found Android class: android.R
07:16:40.652 [Worker-65] INFO  o.a.p.ModelValidator:42 - Validating elements
07:16:40.653 [Worker-65] DEBUG o.a.p.ModelValidator:62 - Validating with EFragmentHandler: [hu.todo.fragment.AllFragment]
07:16:40.654 [Worker-65] DEBUG o.a.p.ModelValidator:62 - Validating with PrefHandler: [myPref]
07:16:40.655 [Worker-65] DEBUG o.a.p.ModelValidator:62 - Validating with ItemClickHandler: [public void myListItemClicked(hu.todo.entity.Task) ]
07:16:40.655 [Worker-65] DEBUG o.a.p.ModelValidator:62 - Validating with TransactionalHandler: [void getLocalTasks(android.database.sqlite.SQLiteDatabase) , void putsome(android.database.sqlite.SQLiteDatabase) ]
07:16:40.656 [Worker-65] DEBUG o.a.p.ModelValidator:62 - Validating with RestServiceHandler: [taskManager]
07:16:40.657 [Worker-65] DEBUG o.a.p.ModelValidator:62 - Validating with BeanHandler: [adapter, myErrorHandler]
07:16:40.657 [Worker-65] DEBUG o.a.p.ModelValidator:62 - Validating with AfterViewsHandler: [void binddAdapter() ]
07:16:40.658 [Worker-65] DEBUG o.a.p.ModelValidator:62 - Validating with UiThreadHandler: [void dismissDialog() , void showDialog() , void showResult(List<hu.todo.entity.Task>) ]
07:16:40.659 [Worker-65] DEBUG o.a.p.ModelValidator:62 - Validating with BackgroundHandler: [void getItemsInBackground() ]
07:16:40.659 [Worker-65] INFO  o.a.p.ModelProcessor:73 - Processing root elements
07:16:40.660 [Worker-65] DEBUG o.a.p.ModelProcessor:80 - Processing root elements EFragmentHandler: [hu.todo.fragment.AllFragment]
07:16:40.660 [Worker-65] INFO  o.a.p.ModelProcessor:104 - Processing enclosed elements
07:16:40.662 [Worker-65] INFO  o.a.AndroidAnnotationProcessor:251 - Number of files generated by AndroidAnnotations: 1
07:16:40.662 [Worker-65] INFO  o.a.g.ApiCodeGenerator:52 - Writting following API classes in project: []
07:16:40.663 [Worker-65] DEBUG o.a.g.SourceCodewriter:55 - Generating class: hu.todo.fragment.AllFragment_
07:16:40.669 [Worker-65] INFO  o.a.p.TimeStats:81 - Time measurements: [Whole Processing = 43 ms], [Find R Classes = 12 ms], [Extract Annotations = 9 ms], [Validate Annotations = 7 ms], [Generate Sources = 7 ms], [Extract Manifest = 3 ms], [Process Annotations = 3 ms], 
07:16:40.670 [Worker-65] INFO  o.a.AndroidAnnotationProcessor:123 - Finish processing
07:21:02.42 [Worker-56] INFO  o.a.AndroidAnnotationProcessor:85 - Initialize AndroidAnnotations 3.0.1 with options {phase=BUILD}
07:21:02.44 [Worker-56] INFO  o.a.AndroidAnnotationProcessor:109 - Start processing for 9 annotations on 1 elements
07:21:02.56 [Worker-56] DEBUG o.a.h.AndroidManifestFinder:137 - AndroidManifest.xml file found in parent folder /home/criss/git/Todo-App/2Do: /home/criss/git/Todo-App/2Do/AndroidManifest.xml
07:21:02.60 [Worker-56] INFO  o.a.AndroidAnnotationProcessor:172 - AndroidManifest.xml found: AndroidManifest [applicationPackage=hu.todo, componentQualifiedNames=[hu.todo.activity.MainActivity_, hu.todo.activity.ShowTaskActivity_, hu.todo.activity.AddTaskActivity_], permissionQualifiedNames=[android.permission.ACCESS_NETWORK_STATE, android.permission.WRITE_EXTERNAL_STORAGE, android.permission.INTERNET], applicationClassName=null, libraryProject=false, debugabble=false, minSdkVersion=14, maxSdkVersion=-1, targetSdkVersion=19]
07:21:02.61 [Worker-56] INFO  o.a.r.ProjectRClassFinder:50 - Found project R class: hu.todo.R
07:21:02.65 [Worker-56] INFO  o.a.r.AndroidRClassFinder:44 - Found Android class: android.R
07:21:02.72 [Worker-56] INFO  o.a.p.ModelValidator:42 - Validating elements
07:21:02.72 [Worker-56] DEBUG o.a.p.ModelValidator:62 - Validating with EFragmentHandler: [hu.todo.fragment.AllFragment]
07:21:02.74 [Worker-56] DEBUG o.a.p.ModelValidator:62 - Validating with PrefHandler: [myPref]
07:21:02.74 [Worker-56] DEBUG o.a.p.ModelValidator:62 - Validating with ItemClickHandler: [public void myListItemClicked(hu.todo.entity.Task) ]
07:21:02.75 [Worker-56] DEBUG o.a.p.ModelValidator:62 - Validating with TransactionalHandler: [void putsome(android.database.sqlite.SQLiteDatabase) , void getLocalTasks(android.database.sqlite.SQLiteDatabase) ]
07:21:02.76 [Worker-56] DEBUG o.a.p.ModelValidator:62 - Validating with RestServiceHandler: [taskManager]
07:21:02.77 [Worker-56] DEBUG o.a.p.ModelValidator:62 - Validating with BeanHandler: [adapter, myErrorHandler]
07:21:02.78 [Worker-56] DEBUG o.a.p.ModelValidator:62 - Validating with AfterViewsHandler: [void binddAdapter() ]
07:21:02.79 [Worker-56] DEBUG o.a.p.ModelValidator:62 - Validating with UiThreadHandler: [void dismissDialog() , void showResult(List<hu.todo.entity.Task>) , void showDialog() ]
07:21:02.79 [Worker-56] DEBUG o.a.p.ModelValidator:62 - Validating with BackgroundHandler: [void getItemsInBackground() ]
07:21:02.80 [Worker-56] INFO  o.a.p.ModelProcessor:73 - Processing root elements
07:21:02.81 [Worker-56] DEBUG o.a.p.ModelProcessor:80 - Processing root elements EFragmentHandler: [hu.todo.fragment.AllFragment]
07:21:02.81 [Worker-56] INFO  o.a.p.ModelProcessor:104 - Processing enclosed elements
07:21:02.83 [Worker-56] INFO  o.a.AndroidAnnotationProcessor:251 - Number of files generated by AndroidAnnotations: 1
07:21:02.84 [Worker-56] INFO  o.a.g.ApiCodeGenerator:52 - Writting following API classes in project: []
07:21:02.84 [Worker-56] DEBUG o.a.g.SourceCodewriter:55 - Generating class: hu.todo.fragment.AllFragment_
07:21:02.93 [Worker-56] INFO  o.a.p.TimeStats:81 - Time measurements: [Whole Processing = 49 ms], [Extract Annotations = 11 ms], [Find R Classes = 11 ms], [Generate Sources = 10 ms], [Validate Annotations = 8 ms], [Extract Manifest = 4 ms], [Process Annotations = 3 ms], 
07:21:02.94 [Worker-56] INFO  o.a.AndroidAnnotationProcessor:123 - Finish processing
07:21:09.10 [Worker-62] INFO  o.a.AndroidAnnotationProcessor:85 - Initialize AndroidAnnotations 3.0.1 with options {phase=BUILD}
07:21:09.12 [Worker-62] INFO  o.a.AndroidAnnotationProcessor:109 - Start processing for 9 annotations on 3 elements
07:21:09.22 [Worker-62] DEBUG o.a.h.AndroidManifestFinder:137 - AndroidManifest.xml file found in parent folder /home/criss/git/Todo-App/2Do: /home/criss/git/Todo-App/2Do/AndroidManifest.xml
07:21:09.25 [Worker-62] INFO  o.a.AndroidAnnotationProcessor:172 - AndroidManifest.xml found: AndroidManifest [applicationPackage=hu.todo, componentQualifiedNames=[hu.todo.activity.MainActivity_, hu.todo.activity.ShowTaskActivity_, hu.todo.activity.AddTaskActivity_], permissionQualifiedNames=[android.permission.ACCESS_NETWORK_STATE, android.permission.WRITE_EXTERNAL_STORAGE, android.permission.INTERNET], applicationClassName=null, libraryProject=false, debugabble=false, minSdkVersion=14, maxSdkVersion=-1, targetSdkVersion=19]
07:21:09.26 [Worker-62] INFO  o.a.r.ProjectRClassFinder:50 - Found project R class: hu.todo.R
07:21:09.33 [Worker-62] INFO  o.a.r.AndroidRClassFinder:44 - Found Android class: android.R
07:21:09.38 [Worker-62] INFO  o.a.p.ModelValidator:42 - Validating elements
07:21:09.38 [Worker-62] DEBUG o.a.p.ModelValidator:62 - Validating with EFragmentHandler: [hu.todo.fragment.AllFragment]
07:21:09.39 [Worker-62] DEBUG o.a.p.ModelValidator:62 - Validating with PrefHandler: [myPref]
07:21:09.40 [Worker-62] DEBUG o.a.p.ModelValidator:62 - Validating with ItemClickHandler: [public void myListItemClicked(hu.todo.entity.Task) ]
07:21:09.41 [Worker-62] DEBUG o.a.p.ModelValidator:62 - Validating with TransactionalHandler: [void putsome(android.database.sqlite.SQLiteDatabase) , void getLocalTasks(android.database.sqlite.SQLiteDatabase) ]
07:21:09.42 [Worker-62] DEBUG o.a.p.ModelValidator:62 - Validating with RestServiceHandler: [taskManager]
07:21:09.42 [Worker-62] DEBUG o.a.p.ModelValidator:62 - Validating with BeanHandler: [myErrorHandler, adapter]
07:21:09.43 [Worker-62] DEBUG o.a.p.ModelValidator:62 - Validating with AfterViewsHandler: [void binddAdapter() ]
07:21:09.44 [Worker-62] DEBUG o.a.p.ModelValidator:62 - Validating with UiThreadHandler: [void showResult(List<hu.todo.entity.Task>) , void showDialog() , void dismissDialog() ]
07:21:09.44 [Worker-62] DEBUG o.a.p.ModelValidator:62 - Validating with BackgroundHandler: [void getItemsInBackground() ]
07:21:09.45 [Worker-62] INFO  o.a.p.ModelProcessor:73 - Processing root elements
07:21:09.46 [Worker-62] DEBUG o.a.p.ModelProcessor:80 - Processing root elements EFragmentHandler: [hu.todo.fragment.AllFragment]
07:21:09.46 [Worker-62] INFO  o.a.p.ModelProcessor:104 - Processing enclosed elements
07:21:09.48 [Worker-62] INFO  o.a.AndroidAnnotationProcessor:251 - Number of files generated by AndroidAnnotations: 1
07:21:09.48 [Worker-62] INFO  o.a.g.ApiCodeGenerator:52 - Writting following API classes in project: []
07:21:09.48 [Worker-62] DEBUG o.a.g.SourceCodewriter:55 - Generating class: hu.todo.fragment.AllFragment_
07:21:09.72 [Worker-62] INFO  o.a.p.TimeStats:81 - Time measurements: [Whole Processing = 60 ms], [Generate Sources = 24 ms], [Find R Classes = 12 ms], [Extract Annotations = 10 ms], [Validate Annotations = 7 ms], [Extract Manifest = 3 ms], [Process Annotations = 3 ms], 
07:21:09.73 [Worker-62] INFO  o.a.AndroidAnnotationProcessor:123 - Finish processing
07:21:16.425 [Worker-56] INFO  o.a.AndroidAnnotationProcessor:85 - Initialize AndroidAnnotations 3.0.1 with options {phase=BUILD}
07:21:16.427 [Worker-56] INFO  o.a.AndroidAnnotationProcessor:109 - Start processing for 9 annotations on 1 elements
07:21:16.441 [Worker-56] DEBUG o.a.h.AndroidManifestFinder:137 - AndroidManifest.xml file found in parent folder /home/criss/git/Todo-App/2Do: /home/criss/git/Todo-App/2Do/AndroidManifest.xml
07:21:16.445 [Worker-56] INFO  o.a.AndroidAnnotationProcessor:172 - AndroidManifest.xml found: AndroidManifest [applicationPackage=hu.todo, componentQualifiedNames=[hu.todo.activity.MainActivity_, hu.todo.activity.ShowTaskActivity_, hu.todo.activity.AddTaskActivity_], permissionQualifiedNames=[android.permission.ACCESS_NETWORK_STATE, android.permission.WRITE_EXTERNAL_STORAGE, android.permission.INTERNET], applicationClassName=null, libraryProject=false, debugabble=false, minSdkVersion=14, maxSdkVersion=-1, targetSdkVersion=19]
07:21:16.446 [Worker-56] INFO  o.a.r.ProjectRClassFinder:50 - Found project R class: hu.todo.R
07:21:16.450 [Worker-56] INFO  o.a.r.AndroidRClassFinder:44 - Found Android class: android.R
07:21:16.457 [Worker-56] INFO  o.a.p.ModelValidator:42 - Validating elements
07:21:16.458 [Worker-56] DEBUG o.a.p.ModelValidator:62 - Validating with EFragmentHandler: [hu.todo.fragment.AllFragment]
07:21:16.459 [Worker-56] DEBUG o.a.p.ModelValidator:62 - Validating with PrefHandler: [myPref]
07:21:16.460 [Worker-56] DEBUG o.a.p.ModelValidator:62 - Validating with ItemClickHandler: [public void myListItemClicked(hu.todo.entity.Task) ]
07:21:16.461 [Worker-56] DEBUG o.a.p.ModelValidator:62 - Validating with TransactionalHandler: [void getLocalTasks(android.database.sqlite.SQLiteDatabase) , void putsome(android.database.sqlite.SQLiteDatabase) ]
07:21:16.462 [Worker-56] DEBUG o.a.p.ModelValidator:62 - Validating with RestServiceHandler: [taskManager]
07:21:16.463 [Worker-56] DEBUG o.a.p.ModelValidator:62 - Validating with BeanHandler: [adapter, myErrorHandler]
07:21:16.464 [Worker-56] DEBUG o.a.p.ModelValidator:62 - Validating with AfterViewsHandler: [void binddAdapter() ]
07:21:16.465 [Worker-56] DEBUG o.a.p.ModelValidator:62 - Validating with UiThreadHandler: [void dismissDialog() , void showResult(List<hu.todo.entity.Task>) , void showDialog() ]
07:21:16.466 [Worker-56] DEBUG o.a.p.ModelValidator:62 - Validating with BackgroundHandler: [void getItemsInBackground() ]
07:21:16.467 [Worker-56] INFO  o.a.p.ModelProcessor:73 - Processing root elements
07:21:16.468 [Worker-56] DEBUG o.a.p.ModelProcessor:80 - Processing root elements EFragmentHandler: [hu.todo.fragment.AllFragment]
07:21:16.469 [Worker-56] INFO  o.a.p.ModelProcessor:104 - Processing enclosed elements
07:21:16.470 [Worker-56] INFO  o.a.AndroidAnnotationProcessor:251 - Number of files generated by AndroidAnnotations: 1
07:21:16.471 [Worker-56] INFO  o.a.g.ApiCodeGenerator:52 - Writting following API classes in project: []
07:21:16.472 [Worker-56] DEBUG o.a.g.SourceCodewriter:55 - Generating class: hu.todo.fragment.AllFragment_
07:21:16.481 [Worker-56] INFO  o.a.p.TimeStats:81 - Time measurements: [Whole Processing = 54 ms], [Extract Annotations = 13 ms], [Find R Classes = 11 ms], [Generate Sources = 11 ms], [Validate Annotations = 10 ms], [Extract Manifest = 4 ms], [Process Annotations = 3 ms], 
07:21:16.482 [Worker-56] INFO  o.a.AndroidAnnotationProcessor:123 - Finish processing
07:26:05.292 [Worker-59] INFO  o.a.AndroidAnnotationProcessor:85 - Initialize AndroidAnnotations 3.0.1 with options {phase=BUILD}
07:26:05.294 [Worker-59] INFO  o.a.AndroidAnnotationProcessor:109 - Start processing for 2 annotations on 1 elements
07:26:05.296 [Worker-59] DEBUG o.a.h.AndroidManifestFinder:137 - AndroidManifest.xml file found in parent folder /home/criss/git/Todo-App/2Do: /home/criss/git/Todo-App/2Do/AndroidManifest.xml
07:26:05.300 [Worker-59] INFO  o.a.AndroidAnnotationProcessor:172 - AndroidManifest.xml found: AndroidManifest [applicationPackage=hu.todo, componentQualifiedNames=[hu.todo.activity.MainActivity_, hu.todo.activity.ShowTaskActivity_, hu.todo.activity.AddTaskActivity_], permissionQualifiedNames=[android.permission.ACCESS_NETWORK_STATE, android.permission.WRITE_EXTERNAL_STORAGE, android.permission.INTERNET], applicationClassName=null, libraryProject=false, debugabble=false, minSdkVersion=14, maxSdkVersion=-1, targetSdkVersion=19]
07:26:05.301 [Worker-59] INFO  o.a.r.ProjectRClassFinder:50 - Found project R class: hu.todo.R
07:26:05.305 [Worker-59] INFO  o.a.r.AndroidRClassFinder:44 - Found Android class: android.R
07:26:05.312 [Worker-59] INFO  o.a.p.ModelValidator:42 - Validating elements
07:26:05.313 [Worker-59] DEBUG o.a.p.ModelValidator:62 - Validating with EBeanHandler: [hu.todo.adapter.TitleNavigationAdapter]
07:26:05.314 [Worker-59] DEBUG o.a.p.ModelValidator:62 - Validating with RootContextHanlder: [context]
07:26:05.315 [Worker-59] INFO  o.a.p.ModelProcessor:73 - Processing root elements
07:26:05.316 [Worker-59] DEBUG o.a.p.ModelProcessor:80 - Processing root elements EBeanHandler: [hu.todo.adapter.TitleNavigationAdapter]
07:26:05.317 [Worker-59] INFO  o.a.p.ModelProcessor:104 - Processing enclosed elements
07:26:05.318 [Worker-59] INFO  o.a.AndroidAnnotationProcessor:251 - Number of files generated by AndroidAnnotations: 1
07:26:05.318 [Worker-59] INFO  o.a.g.ApiCodeGenerator:52 - Writting following API classes in project: []
07:26:05.319 [Worker-59] DEBUG o.a.g.SourceCodewriter:55 - Generating class: hu.todo.adapter.TitleNavigationAdapter_
07:26:05.320 [Worker-59] INFO  o.a.p.TimeStats:81 - Time measurements: [Whole Processing = 26 ms], [Find R Classes = 12 ms], [Extract Manifest = 4 ms], [Validate Annotations = 3 ms], [Process Annotations = 3 ms], [Generate Sources = 2 ms], [Extract Annotations = 1 ms], 
07:26:05.321 [Worker-59] INFO  o.a.AndroidAnnotationProcessor:123 - Finish processing
